<?xml version="1.0" encoding="UTF-8"?>
<!-- Generated by org.testng.reporters.JUnitXMLReporter -->
<testsuite ignored="0" hostname="LAPTOP-5N6LF9NC" failures="1" tests="1" name="PracticeTests(failed)" time="0.126" errors="0" timestamp="2026-04-06T23:01:40 IST">
  <testcase classname="tests.LoginTest" name="testValidLogin" time="0.045">
    <failure type="java.lang.NullPointerException" message="Cannot invoke &amp;quot;org.openqa.selenium.WebDriver.get(String)&amp;quot; because &amp;quot;this.driver&amp;quot; is null">
      <![CDATA[java.lang.NullPointerException: Cannot invoke "org.openqa.selenium.WebDriver.get(String)" because "this.driver" is null
at tests.LoginTest.testValidLogin(LoginTest.java:19)
at java.base/java.util.ArrayList.forEach(ArrayList.java:1596)
... Removed 25 stack frames]]>
    </failure>
  </testcase> <!-- testValidLogin -->
</testsuite> <!-- PracticeTests(failed) -->
