<?xml version="1.0" encoding="UTF-8"?>
<!-- Generated by org.testng.reporters.JUnitXMLReporter -->
<testsuite ignored="0" hostname="LAPTOP-5N6LF9NC" failures="0" tests="3" name="PracticeTests" time="50.163" errors="0" timestamp="2026-04-07T15:38:39 IST">
  <testcase classname="tests.LoginTest" name="testValidLogin" time="6.326"/>
  <testcase classname="tests.AdminTest" name="addUser" time="27.765"/>
  <testcase classname="tests.ChangePasswordTest" name="ChangePassword" time="9.534"/>
</testsuite> <!-- PracticeTests -->
