<?xml version="1.0" encoding="UTF-8"?>
<testng-results ignored="0" total="3" passed="3" failed="0" skipped="0">
  <reporter-output>
  </reporter-output>
  <suite started-at="2026-04-07T15:37:48 IST" name="SeleniumPractice" finished-at="2026-04-07T15:38:38 IST" duration-ms="50163">
    <groups>
      <group name="Sanity">
        <method signature="AdminTest.addUser()[pri:0, instance:tests.AdminTest@743cb8e0]" name="addUser" class="tests.AdminTest"/>
      </group> <!-- Sanity -->
      <group name="Regression">
        <method signature="ChangePasswordTest.ChangePassword()[pri:0, instance:tests.ChangePasswordTest@c7a975a]" name="ChangePassword" class="tests.ChangePasswordTest"/>
      </group> <!-- Regression -->
      <group name="Smoke">
        <method signature="LoginTest.testValidLogin()[pri:0, instance:tests.LoginTest@4ebea12c]" name="testValidLogin" class="tests.LoginTest"/>
      </group> <!-- Smoke -->
    </groups>
    <test started-at="2026-04-07T15:37:48 IST" name="PracticeTests" finished-at="2026-04-07T15:38:38 IST" duration-ms="50163">
      <class name="tests.LoginTest">
        <test-method is-config="true" signature="setUp()[pri:0, instance:tests.LoginTest@4ebea12c]" started-at="2026-04-07T15:37:48 IST" name="setUp" finished-at="2026-04-07T15:37:51 IST" duration-ms="2370" status="PASS">
          <reporter-output>
          </reporter-output>
        </test-method> <!-- setUp -->
        <test-method signature="testValidLogin()[pri:0, instance:tests.LoginTest@4ebea12c]" started-at="2026-04-07T15:37:51 IST" name="testValidLogin" finished-at="2026-04-07T15:37:57 IST" duration-ms="6326" status="PASS">
          <reporter-output>
          </reporter-output>
        </test-method> <!-- testValidLogin -->
        <test-method is-config="true" signature="tearDown()[pri:0, instance:tests.LoginTest@4ebea12c]" started-at="2026-04-07T15:37:57 IST" name="tearDown" finished-at="2026-04-07T15:37:57 IST" duration-ms="354" status="PASS">
          <reporter-output>
          </reporter-output>
        </test-method> <!-- tearDown -->
      </class> <!-- tests.LoginTest -->
      <class name="tests.ChangePasswordTest">
        <test-method is-config="true" signature="setUp()[pri:0, instance:tests.ChangePasswordTest@c7a975a]" started-at="2026-04-07T15:38:27 IST" name="setUp" finished-at="2026-04-07T15:38:29 IST" duration-ms="1572" status="PASS">
          <reporter-output>
          </reporter-output>
        </test-method> <!-- setUp -->
        <test-method signature="ChangePassword()[pri:0, instance:tests.ChangePasswordTest@c7a975a]" started-at="2026-04-07T15:38:29 IST" name="ChangePassword" finished-at="2026-04-07T15:38:38 IST" duration-ms="9534" status="PASS">
          <reporter-output>
          </reporter-output>
        </test-method> <!-- ChangePassword -->
        <test-method is-config="true" signature="tearDown()[pri:0, instance:tests.ChangePasswordTest@c7a975a]" started-at="2026-04-07T15:38:38 IST" name="tearDown" finished-at="2026-04-07T15:38:38 IST" duration-ms="416" status="PASS">
          <reporter-output>
          </reporter-output>
        </test-method> <!-- tearDown -->
      </class> <!-- tests.ChangePasswordTest -->
      <class name="tests.AdminTest">
        <test-method is-config="true" signature="setUp()[pri:0, instance:tests.AdminTest@743cb8e0]" started-at="2026-04-07T15:37:57 IST" name="setUp" finished-at="2026-04-07T15:37:59 IST" duration-ms="1296" status="PASS">
          <reporter-output>
          </reporter-output>
        </test-method> <!-- setUp -->
        <test-method signature="addUser()[pri:0, instance:tests.AdminTest@743cb8e0]" started-at="2026-04-07T15:37:59 IST" name="addUser" finished-at="2026-04-07T15:38:27 IST" duration-ms="27765" status="PASS">
          <reporter-output>
          </reporter-output>
        </test-method> <!-- addUser -->
        <test-method is-config="true" signature="tearDown()[pri:0, instance:tests.AdminTest@743cb8e0]" started-at="2026-04-07T15:38:27 IST" name="tearDown" finished-at="2026-04-07T15:38:27 IST" duration-ms="429" status="PASS">
          <reporter-output>
          </reporter-output>
        </test-method> <!-- tearDown -->
      </class> <!-- tests.AdminTest -->
    </test> <!-- PracticeTests -->
  </suite> <!-- SeleniumPractice -->
</testng-results>
